{"/Users/lucas/Desktop/frontend-technical-test-aec/src/App.tsx": {"path":"/Users/lucas/Desktop/frontend-technical-test-aec/src/App.tsx","statementMap":{"0":{"start":{"line":3,"column":2},"end":{"line":6,"column":null}},"1":{"start":{"line":9,"column":0},"end":{"line":9,"column":null}}},"fnMap":{"0":{"name":"App","decl":{"start":{"line":2,"column":9},"end":{"line":2,"column":12}},"loc":{"start":{"line":2,"column":12},"end":{"line":7,"column":1}}}},"branchMap":{},"s":{"0":1,"1":1},"f":{"0":1},"b":{}}
}
