{"/Users/lucas/Desktop/frontend-technical-test-aec/src/main.tsx": {"path":"/Users/lucas/Desktop/frontend-technical-test-aec/src/main.tsx","statementMap":{"0":{"start":{"line":1,"column":0},"end":{"line":1,"column":39}},"1":{"start":{"line":2,"column":0},"end":{"line":2,"column":49}},"2":{"start":{"line":3,"column":0},"end":{"line":3,"column":38}},"3":{"start":{"line":5,"column":0},"end":{"line":5,"column":45}},"4":{"start":{"line":6,"column":0},"end":{"line":6,"column":40}},"5":{"start":{"line":8,"column":0},"end":{"line":8,"column":27}},"6":{"start":{"line":11,"column":0},"end":{"line":15,"column":null}}},"fnMap":{},"branchMap":{},"s":{"0":0,"1":0,"2":0,"3":0,"4":0,"5":0,"6":0},"f":{},"b":{}}
,"/Users/lucas/Desktop/frontend-technical-test-aec/src/vite-env.d.ts": {"path":"/Users/lucas/Desktop/frontend-technical-test-aec/src/vite-env.d.ts","statementMap":{},"fnMap":{},"branchMap":{},"s":{},"f":{},"b":{}}
,"/Users/lucas/Desktop/frontend-technical-test-aec/src/components/atomic/atom/Input/Input.tsx": {"path":"/Users/lucas/Desktop/frontend-technical-test-aec/src/components/atomic/atom/Input/Input.tsx","statementMap":{"0":{"start":{"line":1,"column":0},"end":{"line":1,"column":54}},"1":{"start":{"line":2,"column":0},"end":{"line":2,"column":42}},"2":{"start":{"line":3,"column":0},"end":{"line":3,"column":44}},"3":{"start":{"line":9,"column":21},"end":{"line":43,"column":1}},"4":{"start":{"line":11,"column":42},"end":{"line":11,"column":54}},"5":{"start":{"line":13,"column":26},"end":{"line":13,"column":53}},"6":{"start":{"line":14,"column":25},"end":{"line":14,"column":37}},"7":{"start":{"line":16,"column":23},"end":{"line":19,"column":3}},"8":{"start":{"line":17,"column":4},"end":{"line":17,"column":null}},"9":{"start":{"line":18,"column":4},"end":{"line":18,"column":null}},"10":{"start":{"line":21,"column":22},"end":{"line":24,"column":3}},"11":{"start":{"line":23,"column":4},"end":{"line":23,"column":63}},"12":{"start":{"line":26,"column":2},"end":{"line":42,"column":null}},"13":{"start":{"line":9,"column":13},"end":{"line":9,"column":21}}},"fnMap":{"0":{"name":"(anonymous_0)","decl":{"start":{"line":9,"column":21},"end":{"line":9,"column":22}},"loc":{"start":{"line":9,"column":59},"end":{"line":43,"column":1}}},"1":{"name":"(anonymous_1)","decl":{"start":{"line":16,"column":23},"end":{"line":16,"column":24}},"loc":{"start":{"line":16,"column":64},"end":{"line":19,"column":3}}},"2":{"name":"(anonymous_2)","decl":{"start":{"line":21,"column":22},"end":{"line":21,"column":25}},"loc":{"start":{"line":21,"column":27},"end":{"line":24,"column":3}}}},"branchMap":{},"s":{"0":0,"1":0,"2":0,"3":0,"4":0,"5":0,"6":0,"7":0,"8":0,"9":0,"10":0,"11":0,"12":0,"13":0},"f":{"0":0,"1":0,"2":0},"b":{}}
,"/Users/lucas/Desktop/frontend-technical-test-aec/src/components/atomic/atom/Input/useDebaunce.tsx": {"path":"/Users/lucas/Desktop/frontend-technical-test-aec/src/components/atomic/atom/Input/useDebaunce.tsx","statementMap":{"0":{"start":{"line":2,"column":0},"end":{"line":2,"column":30}},"1":{"start":{"line":5,"column":21},"end":{"line":5,"column":48}},"2":{"start":{"line":10,"column":4},"end":{"line":10,"column":null}},"3":{"start":{"line":12,"column":4},"end":{"line":14,"column":null}},"4":{"start":{"line":13,"column":6},"end":{"line":13,"column":null}},"5":{"start":{"line":17,"column":2},"end":{"line":17,"column":null}},"6":{"start":{"line":4,"column":0},"end":{"line":4,"column":16}}},"fnMap":{"0":{"name":"useDebaunce","decl":{"start":{"line":4,"column":16},"end":{"line":4,"column":27}},"loc":{"start":{"line":4,"column":46},"end":{"line":18,"column":1}}},"1":{"name":"debauncedFunction","decl":{"start":{"line":7,"column":11},"end":{"line":7,"column":28}},"loc":{"start":{"line":7,"column":41},"end":{"line":15,"column":3}}},"2":{"name":"(anonymous_2)","decl":{"start":{"line":12,"column":43},"end":{"line":12,"column":46}},"loc":{"start":{"line":12,"column":48},"end":{"line":14,"column":5}}}},"branchMap":{},"s":{"0":0,"1":0,"2":0,"3":0,"4":0,"5":0,"6":0},"f":{"0":0,"1":0,"2":0},"b":{}}
,"/Users/lucas/Desktop/frontend-technical-test-aec/src/components/atomic/layout/HomeLayout.tsx": {"path":"/Users/lucas/Desktop/frontend-technical-test-aec/src/components/atomic/layout/HomeLayout.tsx","statementMap":{"0":{"start":{"line":2,"column":0},"end":{"line":2,"column":51}},"1":{"start":{"line":8,"column":58},"end":{"line":17,"column":1}},"2":{"start":{"line":9,"column":2},"end":{"line":16,"column":null}},"3":{"start":{"line":8,"column":13},"end":{"line":8,"column":58}}},"fnMap":{"0":{"name":"(anonymous_0)","decl":{"start":{"line":8,"column":58},"end":{"line":8,"column":59}},"loc":{"start":{"line":8,"column":75},"end":{"line":17,"column":1}}}},"branchMap":{},"s":{"0":0,"1":0,"2":0,"3":0},"f":{"0":0},"b":{}}
,"/Users/lucas/Desktop/frontend-technical-test-aec/src/components/atomic/molecules/Card/CheckoutCard.tsx": {"path":"/Users/lucas/Desktop/frontend-technical-test-aec/src/components/atomic/molecules/Card/CheckoutCard.tsx","statementMap":{"0":{"start":{"line":5,"column":28},"end":{"line":15,"column":1}},"1":{"start":{"line":6,"column":34},"end":{"line":6,"column":39}},"2":{"start":{"line":7,"column":2},"end":{"line":14,"column":4}},"3":{"start":{"line":5,"column":13},"end":{"line":5,"column":28}}},"fnMap":{"0":{"name":"(anonymous_0)","decl":{"start":{"line":5,"column":28},"end":{"line":5,"column":29}},"loc":{"start":{"line":5,"column":49},"end":{"line":15,"column":1}}}},"branchMap":{},"s":{"0":0,"1":0,"2":0,"3":0},"f":{"0":0},"b":{}}
,"/Users/lucas/Desktop/frontend-technical-test-aec/src/components/atomic/molecules/Product/Product.tsx": {"path":"/Users/lucas/Desktop/frontend-technical-test-aec/src/components/atomic/molecules/Product/Product.tsx","statementMap":{"0":{"start":{"line":1,"column":0},"end":{"line":1,"column":58}},"1":{"start":{"line":3,"column":0},"end":{"line":3,"column":64}},"2":{"start":{"line":4,"column":0},"end":{"line":4,"column":57}},"3":{"start":{"line":6,"column":0},"end":{"line":6,"column":20}},"4":{"start":{"line":7,"column":0},"end":{"line":7,"column":46}},"5":{"start":{"line":14,"column":23},"end":{"line":46,"column":1}},"6":{"start":{"line":15,"column":2},"end":{"line":45,"column":null}},"7":{"start":{"line":42,"column":31},"end":{"line":42,"column":40}},"8":{"start":{"line":14,"column":13},"end":{"line":14,"column":23}}},"fnMap":{"0":{"name":"(anonymous_0)","decl":{"start":{"line":14,"column":23},"end":{"line":14,"column":24}},"loc":{"start":{"line":14,"column":127},"end":{"line":46,"column":1}}},"1":{"name":"(anonymous_1)","decl":{"start":{"line":42,"column":25},"end":{"line":42,"column":28}},"loc":{"start":{"line":42,"column":31},"end":{"line":42,"column":40}}}},"branchMap":{},"s":{"0":0,"1":0,"2":0,"3":0,"4":0,"5":0,"6":0,"7":0,"8":0},"f":{"0":0,"1":0},"b":{}}
,"/Users/lucas/Desktop/frontend-technical-test-aec/src/components/atomic/molecules/Product/ProductImage.tsx": {"path":"/Users/lucas/Desktop/frontend-technical-test-aec/src/components/atomic/molecules/Product/ProductImage.tsx","statementMap":{"0":{"start":{"line":1,"column":0},"end":{"line":1,"column":70}},"1":{"start":{"line":2,"column":0},"end":{"line":2,"column":32}},"2":{"start":{"line":4,"column":16},"end":{"line":4,"column":52}},"3":{"start":{"line":10,"column":28},"end":{"line":24,"column":1}},"4":{"start":{"line":11,"column":36},"end":{"line":11,"column":51}},"5":{"start":{"line":13,"column":16},"end":{"line":13,"column":46}},"6":{"start":{"line":14,"column":23},"end":{"line":14,"column":69}},"7":{"start":{"line":17,"column":22},"end":{"line":19,"column":3}},"8":{"start":{"line":18,"column":4},"end":{"line":18,"column":null}},"9":{"start":{"line":21,"column":2},"end":{"line":23,"column":null}},"10":{"start":{"line":22,"column":132},"end":{"line":22,"column":145}},"11":{"start":{"line":10,"column":13},"end":{"line":10,"column":28}}},"fnMap":{"0":{"name":"(anonymous_0)","decl":{"start":{"line":10,"column":28},"end":{"line":10,"column":29}},"loc":{"start":{"line":10,"column":58},"end":{"line":24,"column":1}}},"1":{"name":"(anonymous_1)","decl":{"start":{"line":17,"column":22},"end":{"line":17,"column":25}},"loc":{"start":{"line":17,"column":27},"end":{"line":19,"column":3}}},"2":{"name":"(anonymous_2)","decl":{"start":{"line":22,"column":126},"end":{"line":22,"column":129}},"loc":{"start":{"line":22,"column":132},"end":{"line":22,"column":145}}}},"branchMap":{"0":{"loc":{"start":{"line":13,"column":16},"end":{"line":13,"column":46}},"type":"cond-expr","locations":[{"start":{"line":13,"column":33},"end":{"line":13,"column":36}},{"start":{"line":13,"column":39},"end":{"line":13,"column":46}}]},"1":{"loc":{"start":{"line":14,"column":23},"end":{"line":14,"column":69}},"type":"cond-expr","locations":[{"start":{"line":14,"column":35},"end":{"line":14,"column":42}},{"start":{"line":14,"column":45},"end":{"line":14,"column":69}}]}},"s":{"0":1,"1":1,"2":1,"3":1,"4":0,"5":0,"6":0,"7":0,"8":0,"9":0,"10":0,"11":1},"f":{"0":0,"1":0,"2":0},"b":{"0":[0,0],"1":[0,0]}}
,"/Users/lucas/Desktop/frontend-technical-test-aec/src/components/atomic/molecules/Td/Td.tsx": {"path":"/Users/lucas/Desktop/frontend-technical-test-aec/src/components/atomic/molecules/Td/Td.tsx","statementMap":{"0":{"start":{"line":5,"column":18},"end":{"line":8,"column":1}},"1":{"start":{"line":6,"column":24},"end":{"line":6,"column":29}},"2":{"start":{"line":7,"column":2},"end":{"line":7,"column":109}},"3":{"start":{"line":5,"column":13},"end":{"line":5,"column":18}}},"fnMap":{"0":{"name":"(anonymous_0)","decl":{"start":{"line":5,"column":18},"end":{"line":5,"column":19}},"loc":{"start":{"line":5,"column":37},"end":{"line":8,"column":1}}}},"branchMap":{},"s":{"0":0,"1":0,"2":0,"3":0},"f":{"0":0},"b":{}}
,"/Users/lucas/Desktop/frontend-technical-test-aec/src/components/atomic/molecules/Th/Th.tsx": {"path":"/Users/lucas/Desktop/frontend-technical-test-aec/src/components/atomic/molecules/Th/Th.tsx","statementMap":{"0":{"start":{"line":5,"column":18},"end":{"line":8,"column":1}},"1":{"start":{"line":6,"column":24},"end":{"line":6,"column":29}},"2":{"start":{"line":7,"column":2},"end":{"line":7,"column":120}},"3":{"start":{"line":5,"column":13},"end":{"line":5,"column":18}}},"fnMap":{"0":{"name":"(anonymous_0)","decl":{"start":{"line":5,"column":18},"end":{"line":5,"column":19}},"loc":{"start":{"line":5,"column":37},"end":{"line":8,"column":1}}}},"branchMap":{},"s":{"0":0,"1":0,"2":0,"3":0},"f":{"0":0},"b":{}}
,"/Users/lucas/Desktop/frontend-technical-test-aec/src/components/atomic/molecules/Tr/Tr.tsx": {"path":"/Users/lucas/Desktop/frontend-technical-test-aec/src/components/atomic/molecules/Tr/Tr.tsx","statementMap":{"0":{"start":{"line":5,"column":18},"end":{"line":8,"column":1}},"1":{"start":{"line":6,"column":24},"end":{"line":6,"column":29}},"2":{"start":{"line":7,"column":2},"end":{"line":7,"column":82}},"3":{"start":{"line":5,"column":13},"end":{"line":5,"column":18}}},"fnMap":{"0":{"name":"(anonymous_0)","decl":{"start":{"line":5,"column":18},"end":{"line":5,"column":19}},"loc":{"start":{"line":5,"column":37},"end":{"line":8,"column":1}}}},"branchMap":{},"s":{"0":0,"1":0,"2":0,"3":0},"f":{"0":0},"b":{}}
,"/Users/lucas/Desktop/frontend-technical-test-aec/src/components/atomic/organisms/CatalogProductList/CatalogProductList.tsx": {"path":"/Users/lucas/Desktop/frontend-technical-test-aec/src/components/atomic/organisms/CatalogProductList/CatalogProductList.tsx","statementMap":{"0":{"start":{"line":2,"column":0},"end":{"line":2,"column":44}},"1":{"start":{"line":3,"column":0},"end":{"line":3,"column":58}},"2":{"start":{"line":4,"column":0},"end":{"line":4,"column":59}},"3":{"start":{"line":5,"column":0},"end":{"line":5,"column":32}},"4":{"start":{"line":7,"column":0},"end":{"line":7,"column":70}},"5":{"start":{"line":8,"column":0},"end":{"line":8,"column":62}},"6":{"start":{"line":9,"column":0},"end":{"line":9,"column":56}},"7":{"start":{"line":10,"column":0},"end":{"line":10,"column":56}},"8":{"start":{"line":12,"column":21},"end":{"line":22,"column":2}},"9":{"start":{"line":24,"column":34},"end":{"line":60,"column":1}},"10":{"start":{"line":25,"column":17},"end":{"line":25,"column":57}},"11":{"start":{"line":25,"column":43},"end":{"line":25,"column":56}},"12":{"start":{"line":26,"column":54},"end":{"line":26,"column":69}},"13":{"start":{"line":27,"column":31},"end":{"line":27,"column":71}},"14":{"start":{"line":28,"column":19},"end":{"line":28,"column":35}},"15":{"start":{"line":31,"column":4},"end":{"line":31,"column":32}},"16":{"start":{"line":32,"column":4},"end":{"line":32,"column":null}},"17":{"start":{"line":36,"column":4},"end":{"line":36,"column":33}},"18":{"start":{"line":39,"column":2},"end":{"line":41,"column":null}},"19":{"start":{"line":40,"column":4},"end":{"line":40,"column":null}},"20":{"start":{"line":43,"column":2},"end":{"line":59,"column":null}},"21":{"start":{"line":46,"column":8},"end":{"line":46,"column":164}},"22":{"start":{"line":46,"column":62},"end":{"line":46,"column":95}},"23":{"start":{"line":46,"column":128},"end":{"line":46,"column":160}},"24":{"start":{"line":24,"column":13},"end":{"line":24,"column":34}}},"fnMap":{"0":{"name":"(anonymous_0)","decl":{"start":{"line":24,"column":34},"end":{"line":24,"column":37}},"loc":{"start":{"line":24,"column":39},"end":{"line":60,"column":1}}},"1":{"name":"(anonymous_1)","decl":{"start":{"line":25,"column":32},"end":{"line":25,"column":33}},"loc":{"start":{"line":25,"column":43},"end":{"line":25,"column":56}}},"2":{"name":"handleOpenDetailProduct","decl":{"start":{"line":30,"column":11},"end":{"line":30,"column":34}},"loc":{"start":{"line":30,"column":51},"end":{"line":33,"column":3}}},"3":{"name":"closeModal","decl":{"start":{"line":35,"column":11},"end":{"line":35,"column":21}},"loc":{"start":{"line":35,"column":21},"end":{"line":37,"column":3}}},"4":{"name":"(anonymous_4)","decl":{"start":{"line":39,"column":12},"end":{"line":39,"column":14}},"loc":{"start":{"line":39,"column":16},"end":{"line":41,"column":3}}},"5":{"name":"(anonymous_5)","decl":{"start":{"line":45,"column":16},"end":{"line":45,"column":17}},"loc":{"start":{"line":46,"column":8},"end":{"line":46,"column":164}}},"6":{"name":"(anonymous_6)","decl":{"start":{"line":46,"column":56},"end":{"line":46,"column":59}},"loc":{"start":{"line":46,"column":62},"end":{"line":46,"column":95}}},"7":{"name":"(anonymous_7)","decl":{"start":{"line":46,"column":122},"end":{"line":46,"column":125}},"loc":{"start":{"line":46,"column":128},"end":{"line":46,"column":160}}}},"branchMap":{},"s":{"0":0,"1":0,"2":0,"3":0,"4":0,"5":0,"6":0,"7":0,"8":0,"9":0,"10":0,"11":0,"12":0,"13":0,"14":0,"15":0,"16":0,"17":0,"18":0,"19":0,"20":0,"21":0,"22":0,"23":0,"24":0},"f":{"0":0,"1":0,"2":0,"3":0,"4":0,"5":0,"6":0,"7":0},"b":{}}
,"/Users/lucas/Desktop/frontend-technical-test-aec/src/components/atomic/organisms/CheckoutQuantity/CheckoutQuantity.tsx": {"path":"/Users/lucas/Desktop/frontend-technical-test-aec/src/components/atomic/organisms/CheckoutQuantity/CheckoutQuantity.tsx","statementMap":{"0":{"start":{"line":1,"column":0},"end":{"line":1,"column":48}},"1":{"start":{"line":11,"column":32},"end":{"line":26,"column":1}},"2":{"start":{"line":12,"column":48},"end":{"line":12,"column":53}},"3":{"start":{"line":13,"column":2},"end":{"line":25,"column":4}},"4":{"start":{"line":15,"column":55},"end":{"line":15,"column":72}},"5":{"start":{"line":21,"column":52},"end":{"line":21,"column":69}},"6":{"start":{"line":11,"column":13},"end":{"line":11,"column":32}}},"fnMap":{"0":{"name":"(anonymous_0)","decl":{"start":{"line":11,"column":32},"end":{"line":11,"column":33}},"loc":{"start":{"line":11,"column":65},"end":{"line":26,"column":1}}},"1":{"name":"(anonymous_1)","decl":{"start":{"line":15,"column":49},"end":{"line":15,"column":52}},"loc":{"start":{"line":15,"column":55},"end":{"line":15,"column":72}}},"2":{"name":"(anonymous_2)","decl":{"start":{"line":21,"column":46},"end":{"line":21,"column":49}},"loc":{"start":{"line":21,"column":52},"end":{"line":21,"column":69}}}},"branchMap":{},"s":{"0":0,"1":0,"2":0,"3":0,"4":0,"5":0,"6":0},"f":{"0":0,"1":0,"2":0},"b":{}}
,"/Users/lucas/Desktop/frontend-technical-test-aec/src/components/atomic/organisms/FiltersProduct/FiltersProduct.tsx": {"path":"/Users/lucas/Desktop/frontend-technical-test-aec/src/components/atomic/organisms/FiltersProduct/FiltersProduct.tsx","statementMap":{"0":{"start":{"line":1,"column":0},"end":{"line":1,"column":56}},"1":{"start":{"line":2,"column":0},"end":{"line":2,"column":56}},"2":{"start":{"line":3,"column":0},"end":{"line":3,"column":125}},"3":{"start":{"line":5,"column":0},"end":{"line":5,"column":34}},"4":{"start":{"line":6,"column":0},"end":{"line":6,"column":45}},"5":{"start":{"line":7,"column":0},"end":{"line":7,"column":72}},"6":{"start":{"line":9,"column":30},"end":{"line":43,"column":1}},"7":{"start":{"line":10,"column":25},"end":{"line":10,"column":63}},"8":{"start":{"line":10,"column":49},"end":{"line":10,"column":62}},"9":{"start":{"line":11,"column":19},"end":{"line":11,"column":35}},"10":{"start":{"line":13,"column":2},"end":{"line":15,"column":null}},"11":{"start":{"line":14,"column":4},"end":{"line":14,"column":null}},"12":{"start":{"line":17,"column":35},"end":{"line":23,"column":3}},"13":{"start":{"line":18,"column":4},"end":{"line":22,"column":5}},"14":{"start":{"line":19,"column":6},"end":{"line":19,"column":null}},"15":{"start":{"line":21,"column":6},"end":{"line":21,"column":null}},"16":{"start":{"line":25,"column":2},"end":{"line":41,"column":null}},"17":{"start":{"line":34,"column":10},"end":{"line":34,"column":null}},"18":{"start":{"line":9,"column":13},"end":{"line":9,"column":30}}},"fnMap":{"0":{"name":"(anonymous_0)","decl":{"start":{"line":9,"column":30},"end":{"line":9,"column":33}},"loc":{"start":{"line":9,"column":35},"end":{"line":43,"column":1}}},"1":{"name":"(anonymous_1)","decl":{"start":{"line":10,"column":40},"end":{"line":10,"column":45}},"loc":{"start":{"line":10,"column":49},"end":{"line":10,"column":62}}},"2":{"name":"(anonymous_2)","decl":{"start":{"line":13,"column":12},"end":{"line":13,"column":15}},"loc":{"start":{"line":13,"column":17},"end":{"line":15,"column":3}}},"3":{"name":"(anonymous_3)","decl":{"start":{"line":17,"column":35},"end":{"line":17,"column":36}},"loc":{"start":{"line":17,"column":55},"end":{"line":23,"column":3}}},"4":{"name":"(anonymous_4)","decl":{"start":{"line":33,"column":24},"end":{"line":33,"column":25}},"loc":{"start":{"line":34,"column":10},"end":{"line":34,"column":null}}}},"branchMap":{"0":{"loc":{"start":{"line":18,"column":4},"end":{"line":22,"column":5}},"type":"if","locations":[{"start":{"line":18,"column":4},"end":{"line":22,"column":5}},{"start":{"line":20,"column":9},"end":{"line":22,"column":5}}]}},"s":{"0":0,"1":0,"2":0,"3":0,"4":0,"5":0,"6":0,"7":0,"8":0,"9":0,"10":0,"11":0,"12":0,"13":0,"14":0,"15":0,"16":0,"17":0,"18":0},"f":{"0":0,"1":0,"2":0,"3":0,"4":0},"b":{"0":[0,0]}}
,"/Users/lucas/Desktop/frontend-technical-test-aec/src/components/atomic/organisms/Header/Header.tsx": {"path":"/Users/lucas/Desktop/frontend-technical-test-aec/src/components/atomic/organisms/Header/Header.tsx","statementMap":{"0":{"start":{"line":2,"column":0},"end":{"line":2,"column":56}},"1":{"start":{"line":3,"column":0},"end":{"line":3,"column":50}},"2":{"start":{"line":4,"column":0},"end":{"line":4,"column":40}},"3":{"start":{"line":6,"column":22},"end":{"line":26,"column":1}},"4":{"start":{"line":7,"column":18},"end":{"line":7,"column":55}},"5":{"start":{"line":7,"column":44},"end":{"line":7,"column":54}},"6":{"start":{"line":9,"column":2},"end":{"line":25,"column":null}},"7":{"start":{"line":6,"column":13},"end":{"line":6,"column":22}}},"fnMap":{"0":{"name":"(anonymous_0)","decl":{"start":{"line":6,"column":22},"end":{"line":6,"column":25}},"loc":{"start":{"line":6,"column":27},"end":{"line":26,"column":1}}},"1":{"name":"(anonymous_1)","decl":{"start":{"line":7,"column":33},"end":{"line":7,"column":34}},"loc":{"start":{"line":7,"column":44},"end":{"line":7,"column":54}}}},"branchMap":{},"s":{"0":0,"1":0,"2":0,"3":0,"4":0,"5":0,"6":0,"7":0},"f":{"0":0,"1":0},"b":{}}
,"/Users/lucas/Desktop/frontend-technical-test-aec/src/components/atomic/organisms/Table/Table.tsx": {"path":"/Users/lucas/Desktop/frontend-technical-test-aec/src/components/atomic/organisms/Table/Table.tsx","statementMap":{"0":{"start":{"line":5,"column":29},"end":{"line":8,"column":1}},"1":{"start":{"line":6,"column":24},"end":{"line":6,"column":29}},"2":{"start":{"line":7,"column":2},"end":{"line":7,"column":63}},"3":{"start":{"line":5,"column":13},"end":{"line":5,"column":29}}},"fnMap":{"0":{"name":"(anonymous_0)","decl":{"start":{"line":5,"column":29},"end":{"line":5,"column":30}},"loc":{"start":{"line":5,"column":51},"end":{"line":8,"column":1}}}},"branchMap":{},"s":{"0":0,"1":0,"2":0,"3":0},"f":{"0":0},"b":{}}
,"/Users/lucas/Desktop/frontend-technical-test-aec/src/components/ui/button.tsx": {"path":"/Users/lucas/Desktop/frontend-technical-test-aec/src/components/ui/button.tsx","statementMap":{"0":{"start":{"line":1,"column":0},"end":{"line":1,"column":30}},"1":{"start":{"line":2,"column":0},"end":{"line":2,"column":43}},"2":{"start":{"line":3,"column":0},"end":{"line":3,"column":65}},"3":{"start":{"line":5,"column":0},"end":{"line":5,"column":36}},"4":{"start":{"line":7,"column":23},"end":{"line":33,"column":null}},"5":{"start":{"line":56,"column":17},"end":{"line":56,"column":31}},"6":{"start":{"line":42,"column":15},"end":{"line":52,"column":null}},"7":{"start":{"line":44,"column":17},"end":{"line":44,"column":42}},"8":{"start":{"line":45,"column":4},"end":{"line":51,"column":null}},"9":{"start":{"line":56,"column":9},"end":{"line":56,"column":15}},"10":{"start":{"line":54,"column":0},"end":{"line":54,"column":null}}},"fnMap":{"0":{"name":"(anonymous_0)","decl":{"start":{"line":43,"column":2},"end":{"line":43,"column":3}},"loc":{"start":{"line":43,"column":67},"end":{"line":52,"column":3}}}},"branchMap":{"0":{"loc":{"start":{"line":43,"column":31},"end":{"line":43,"column":46}},"type":"default-arg","locations":[{"start":{"line":43,"column":41},"end":{"line":43,"column":46}}]},"1":{"loc":{"start":{"line":44,"column":17},"end":{"line":44,"column":42}},"type":"cond-expr","locations":[{"start":{"line":44,"column":27},"end":{"line":44,"column":31}},{"start":{"line":44,"column":34},"end":{"line":44,"column":42}}]}},"s":{"0":0,"1":0,"2":0,"3":0,"4":0,"5":0,"6":0,"7":0,"8":0,"9":0,"10":0},"f":{"0":0},"b":{"0":[0],"1":[0,0]}}
,"/Users/lucas/Desktop/frontend-technical-test-aec/src/components/ui/card.tsx": {"path":"/Users/lucas/Desktop/frontend-technical-test-aec/src/components/ui/card.tsx","statementMap":{"0":{"start":{"line":1,"column":0},"end":{"line":1,"column":30}},"1":{"start":{"line":3,"column":0},"end":{"line":3,"column":32}},"2":{"start":{"line":5,"column":13},"end":{"line":17,"column":2}},"3":{"start":{"line":9,"column":2},"end":{"line":15,"column":null}},"4":{"start":{"line":79,"column":9},"end":{"line":79,"column":13}},"5":{"start":{"line":18,"column":0},"end":{"line":18,"column":null}},"6":{"start":{"line":20,"column":19},"end":{"line":29,"column":2}},"7":{"start":{"line":24,"column":2},"end":{"line":27,"column":null}},"8":{"start":{"line":79,"column":15},"end":{"line":79,"column":25}},"9":{"start":{"line":30,"column":0},"end":{"line":30,"column":null}},"10":{"start":{"line":32,"column":18},"end":{"line":44,"column":2}},"11":{"start":{"line":36,"column":2},"end":{"line":42,"column":null}},"12":{"start":{"line":79,"column":39},"end":{"line":79,"column":48}},"13":{"start":{"line":45,"column":0},"end":{"line":45,"column":null}},"14":{"start":{"line":47,"column":24},"end":{"line":56,"column":2}},"15":{"start":{"line":51,"column":2},"end":{"line":54,"column":null}},"16":{"start":{"line":79,"column":50},"end":{"line":79,"column":65}},"17":{"start":{"line":57,"column":0},"end":{"line":57,"column":null}},"18":{"start":{"line":59,"column":20},"end":{"line":64,"column":2}},"19":{"start":{"line":63,"column":2},"end":{"line":63,"column":68}},"20":{"start":{"line":79,"column":67},"end":{"line":79,"column":78}},"21":{"start":{"line":65,"column":0},"end":{"line":65,"column":null}},"22":{"start":{"line":67,"column":19},"end":{"line":76,"column":2}},"23":{"start":{"line":71,"column":2},"end":{"line":74,"column":null}},"24":{"start":{"line":79,"column":27},"end":{"line":79,"column":37}},"25":{"start":{"line":77,"column":0},"end":{"line":77,"column":null}}},"fnMap":{"0":{"name":"(anonymous_0)","decl":{"start":{"line":8,"column":2},"end":{"line":8,"column":3}},"loc":{"start":{"line":9,"column":2},"end":{"line":15,"column":null}}},"1":{"name":"(anonymous_1)","decl":{"start":{"line":23,"column":2},"end":{"line":23,"column":3}},"loc":{"start":{"line":24,"column":2},"end":{"line":27,"column":null}}},"2":{"name":"(anonymous_2)","decl":{"start":{"line":35,"column":2},"end":{"line":35,"column":3}},"loc":{"start":{"line":36,"column":2},"end":{"line":42,"column":null}}},"3":{"name":"(anonymous_3)","decl":{"start":{"line":50,"column":2},"end":{"line":50,"column":3}},"loc":{"start":{"line":51,"column":2},"end":{"line":54,"column":null}}},"4":{"name":"(anonymous_4)","decl":{"start":{"line":62,"column":2},"end":{"line":62,"column":3}},"loc":{"start":{"line":63,"column":2},"end":{"line":63,"column":68}}},"5":{"name":"(anonymous_5)","decl":{"start":{"line":70,"column":2},"end":{"line":70,"column":3}},"loc":{"start":{"line":71,"column":2},"end":{"line":74,"column":null}}}},"branchMap":{},"s":{"0":0,"1":0,"2":0,"3":0,"4":0,"5":0,"6":0,"7":0,"8":0,"9":0,"10":0,"11":0,"12":0,"13":0,"14":0,"15":0,"16":0,"17":0,"18":0,"19":0,"20":0,"21":0,"22":0,"23":0,"24":0,"25":0},"f":{"0":0,"1":0,"2":0,"3":0,"4":0,"5":0},"b":{}}
,"/Users/lucas/Desktop/frontend-technical-test-aec/src/components/ui/label.tsx": {"path":"/Users/lucas/Desktop/frontend-technical-test-aec/src/components/ui/label.tsx","statementMap":{"0":{"start":{"line":1,"column":0},"end":{"line":1,"column":30}},"1":{"start":{"line":2,"column":0},"end":{"line":2,"column":55}},"2":{"start":{"line":3,"column":0},"end":{"line":3,"column":65}},"3":{"start":{"line":5,"column":0},"end":{"line":5,"column":32}},"4":{"start":{"line":7,"column":22},"end":{"line":8,"column":null}},"5":{"start":{"line":11,"column":14},"end":{"line":21,"column":2}},"6":{"start":{"line":16,"column":2},"end":{"line":19,"column":null}},"7":{"start":{"line":24,"column":9},"end":{"line":24,"column":14}},"8":{"start":{"line":22,"column":0},"end":{"line":22,"column":null}}},"fnMap":{"0":{"name":"(anonymous_0)","decl":{"start":{"line":15,"column":2},"end":{"line":15,"column":3}},"loc":{"start":{"line":16,"column":2},"end":{"line":19,"column":null}}}},"branchMap":{},"s":{"0":0,"1":0,"2":0,"3":0,"4":0,"5":0,"6":0,"7":0,"8":0},"f":{"0":0},"b":{}}
,"/Users/lucas/Desktop/frontend-technical-test-aec/src/components/ui/radio-group.tsx": {"path":"/Users/lucas/Desktop/frontend-technical-test-aec/src/components/ui/radio-group.tsx","statementMap":{"0":{"start":{"line":1,"column":0},"end":{"line":1,"column":30}},"1":{"start":{"line":2,"column":0},"end":{"line":2,"column":66}},"2":{"start":{"line":3,"column":0},"end":{"line":3,"column":37}},"3":{"start":{"line":5,"column":0},"end":{"line":5,"column":32}},"4":{"start":{"line":7,"column":19},"end":{"line":18,"column":2}},"5":{"start":{"line":11,"column":2},"end":{"line":17,"column":null}},"6":{"start":{"line":42,"column":9},"end":{"line":42,"column":19}},"7":{"start":{"line":19,"column":0},"end":{"line":19,"column":null}},"8":{"start":{"line":21,"column":23},"end":{"line":39,"column":2}},"9":{"start":{"line":25,"column":2},"end":{"line":38,"column":null}},"10":{"start":{"line":42,"column":21},"end":{"line":42,"column":35}},"11":{"start":{"line":40,"column":0},"end":{"line":40,"column":null}}},"fnMap":{"0":{"name":"(anonymous_0)","decl":{"start":{"line":10,"column":2},"end":{"line":10,"column":3}},"loc":{"start":{"line":10,"column":35},"end":{"line":18,"column":1}}},"1":{"name":"(anonymous_1)","decl":{"start":{"line":24,"column":2},"end":{"line":24,"column":3}},"loc":{"start":{"line":24,"column":35},"end":{"line":39,"column":1}}}},"branchMap":{},"s":{"0":0,"1":0,"2":0,"3":0,"4":0,"5":0,"6":0,"7":0,"8":0,"9":0,"10":0,"11":0},"f":{"0":0,"1":0},"b":{}}
,"/Users/lucas/Desktop/frontend-technical-test-aec/src/hooks/useAppDispatch.ts": {"path":"/Users/lucas/Desktop/frontend-technical-test-aec/src/hooks/useAppDispatch.ts","statementMap":{"0":{"start":{"line":1,"column":0},"end":{"line":1,"column":42}},"1":{"start":{"line":4,"column":30},"end":{"line":4,"column":62}},"2":{"start":{"line":4,"column":36},"end":{"line":4,"column":62}},"3":{"start":{"line":4,"column":13},"end":{"line":4,"column":30}}},"fnMap":{"0":{"name":"(anonymous_0)","decl":{"start":{"line":4,"column":30},"end":{"line":4,"column":33}},"loc":{"start":{"line":4,"column":36},"end":{"line":4,"column":62}}}},"branchMap":{},"s":{"0":0,"1":0,"2":0,"3":0},"f":{"0":0},"b":{}}
,"/Users/lucas/Desktop/frontend-technical-test-aec/src/hooks/useAppSelector.ts": {"path":"/Users/lucas/Desktop/frontend-technical-test-aec/src/hooks/useAppSelector.ts","statementMap":{"0":{"start":{"line":1,"column":0},"end":{"line":1,"column":64}},"1":{"start":{"line":4,"column":13},"end":{"line":4,"column":75}}},"fnMap":{},"branchMap":{},"s":{"0":0,"1":0},"f":{},"b":{}}
,"/Users/lucas/Desktop/frontend-technical-test-aec/src/hooks/useSearchProduct.tsx": {"path":"/Users/lucas/Desktop/frontend-technical-test-aec/src/hooks/useSearchProduct.tsx","statementMap":{"0":{"start":{"line":1,"column":0},"end":{"line":1,"column":71}},"1":{"start":{"line":2,"column":0},"end":{"line":2,"column":44}},"2":{"start":{"line":3,"column":0},"end":{"line":3,"column":50}},"3":{"start":{"line":5,"column":32},"end":{"line":15,"column":1}},"4":{"start":{"line":6,"column":40},"end":{"line":6,"column":60}},"5":{"start":{"line":7,"column":19},"end":{"line":7,"column":35}},"6":{"start":{"line":9,"column":2},"end":{"line":12,"column":null}},"7":{"start":{"line":10,"column":4},"end":{"line":10,"column":null}},"8":{"start":{"line":14,"column":2},"end":{"line":14,"column":null}},"9":{"start":{"line":5,"column":13},"end":{"line":5,"column":32}}},"fnMap":{"0":{"name":"(anonymous_0)","decl":{"start":{"line":5,"column":32},"end":{"line":5,"column":35}},"loc":{"start":{"line":5,"column":37},"end":{"line":15,"column":1}}},"1":{"name":"(anonymous_1)","decl":{"start":{"line":9,"column":12},"end":{"line":9,"column":15}},"loc":{"start":{"line":9,"column":17},"end":{"line":12,"column":3}}}},"branchMap":{},"s":{"0":0,"1":0,"2":0,"3":0,"4":0,"5":0,"6":0,"7":0,"8":0,"9":0},"f":{"0":0,"1":0},"b":{}}
,"/Users/lucas/Desktop/frontend-technical-test-aec/src/lib/utils.ts": {"path":"/Users/lucas/Desktop/frontend-technical-test-aec/src/lib/utils.ts","statementMap":{"0":{"start":{"line":1,"column":0},"end":{"line":1,"column":44}},"1":{"start":{"line":2,"column":0},"end":{"line":2,"column":40}},"2":{"start":{"line":5,"column":2},"end":{"line":5,"column":null}},"3":{"start":{"line":4,"column":0},"end":{"line":4,"column":16}}},"fnMap":{"0":{"name":"cn","decl":{"start":{"line":4,"column":16},"end":{"line":4,"column":18}},"loc":{"start":{"line":4,"column":42},"end":{"line":6,"column":1}}}},"branchMap":{},"s":{"0":0,"1":0,"2":0,"3":0},"f":{"0":0},"b":{}}
,"/Users/lucas/Desktop/frontend-technical-test-aec/src/pages/Checkout/Checkout.tsx": {"path":"/Users/lucas/Desktop/frontend-technical-test-aec/src/pages/Checkout/Checkout.tsx","statementMap":{"0":{"start":{"line":1,"column":0},"end":{"line":1,"column":79}},"1":{"start":{"line":2,"column":0},"end":{"line":2,"column":57}},"2":{"start":{"line":3,"column":0},"end":{"line":3,"column":57}},"3":{"start":{"line":4,"column":0},"end":{"line":4,"column":57}},"4":{"start":{"line":5,"column":0},"end":{"line":5,"column":null}},"5":{"start":{"line":9,"column":0},"end":{"line":9,"column":74}},"6":{"start":{"line":10,"column":0},"end":{"line":10,"column":48}},"7":{"start":{"line":11,"column":0},"end":{"line":11,"column":56}},"8":{"start":{"line":12,"column":0},"end":{"line":12,"column":65}},"9":{"start":{"line":14,"column":0},"end":{"line":14,"column":55}},"10":{"start":{"line":15,"column":0},"end":{"line":15,"column":32}},"11":{"start":{"line":16,"column":0},"end":{"line":16,"column":42}},"12":{"start":{"line":23,"column":24},"end":{"line":81,"column":1}},"13":{"start":{"line":24,"column":19},"end":{"line":24,"column":56}},"14":{"start":{"line":24,"column":45},"end":{"line":24,"column":55}},"15":{"start":{"line":25,"column":19},"end":{"line":25,"column":32}},"16":{"start":{"line":27,"column":16},"end":{"line":32,"column":12}},"17":{"start":{"line":28,"column":4},"end":{"line":28,"column":37}},"18":{"start":{"line":28,"column":28},"end":{"line":28,"column":37}},"19":{"start":{"line":29,"column":4},"end":{"line":31,"column":42}},"20":{"start":{"line":30,"column":25},"end":{"line":30,"column":61}},"21":{"start":{"line":31,"column":30},"end":{"line":31,"column":40}},"22":{"start":{"line":34,"column":19},"end":{"line":39,"column":12}},"23":{"start":{"line":35,"column":4},"end":{"line":35,"column":37}},"24":{"start":{"line":35,"column":28},"end":{"line":35,"column":37}},"25":{"start":{"line":36,"column":4},"end":{"line":38,"column":42}},"26":{"start":{"line":37,"column":25},"end":{"line":37,"column":45}},"27":{"start":{"line":38,"column":30},"end":{"line":38,"column":40}},"28":{"start":{"line":41,"column":2},"end":{"line":80,"column":4}},"29":{"start":{"line":55,"column":14},"end":{"line":55,"column":null}},"30":{"start":{"line":62,"column":22},"end":{"line":62,"column":73}},"31":{"start":{"line":23,"column":13},"end":{"line":23,"column":24}}},"fnMap":{"0":{"name":"(anonymous_0)","decl":{"start":{"line":23,"column":24},"end":{"line":23,"column":27}},"loc":{"start":{"line":23,"column":29},"end":{"line":81,"column":1}}},"1":{"name":"(anonymous_1)","decl":{"start":{"line":24,"column":34},"end":{"line":24,"column":35}},"loc":{"start":{"line":24,"column":45},"end":{"line":24,"column":55}}},"2":{"name":"(anonymous_2)","decl":{"start":{"line":27,"column":24},"end":{"line":27,"column":27}},"loc":{"start":{"line":27,"column":29},"end":{"line":32,"column":3}}},"3":{"name":"(anonymous_3)","decl":{"start":{"line":30,"column":12},"end":{"line":30,"column":13}},"loc":{"start":{"line":30,"column":25},"end":{"line":30,"column":61}}},"4":{"name":"(anonymous_4)","decl":{"start":{"line":31,"column":15},"end":{"line":31,"column":16}},"loc":{"start":{"line":31,"column":30},"end":{"line":31,"column":40}}},"5":{"name":"(anonymous_5)","decl":{"start":{"line":34,"column":27},"end":{"line":34,"column":30}},"loc":{"start":{"line":34,"column":32},"end":{"line":39,"column":3}}},"6":{"name":"(anonymous_6)","decl":{"start":{"line":37,"column":12},"end":{"line":37,"column":13}},"loc":{"start":{"line":37,"column":25},"end":{"line":37,"column":45}}},"7":{"name":"(anonymous_7)","decl":{"start":{"line":38,"column":15},"end":{"line":38,"column":16}},"loc":{"start":{"line":38,"column":30},"end":{"line":38,"column":40}}},"8":{"name":"(anonymous_8)","decl":{"start":{"line":54,"column":23},"end":{"line":54,"column":24}},"loc":{"start":{"line":55,"column":14},"end":{"line":55,"column":null}}},"9":{"name":"(anonymous_9)","decl":{"start":{"line":61,"column":34},"end":{"line":61,"column":35}},"loc":{"start":{"line":62,"column":22},"end":{"line":62,"column":73}}}},"branchMap":{"0":{"loc":{"start":{"line":28,"column":4},"end":{"line":28,"column":37}},"type":"if","locations":[{"start":{"line":28,"column":4},"end":{"line":28,"column":37}}]},"1":{"loc":{"start":{"line":35,"column":4},"end":{"line":35,"column":37}},"type":"if","locations":[{"start":{"line":35,"column":4},"end":{"line":35,"column":37}}]},"2":{"loc":{"start":{"line":74,"column":46},"end":{"line":74,"column":56}},"type":"binary-expr","locations":[{"start":{"line":74,"column":46},"end":{"line":74,"column":51}},{"start":{"line":74,"column":55},"end":{"line":74,"column":56}}]}},"s":{"0":0,"1":0,"2":0,"3":0,"4":0,"5":0,"6":0,"7":0,"8":0,"9":0,"10":0,"11":0,"12":0,"13":0,"14":0,"15":0,"16":0,"17":0,"18":0,"19":0,"20":0,"21":0,"22":0,"23":0,"24":0,"25":0,"26":0,"27":0,"28":0,"29":0,"30":0,"31":0},"f":{"0":0,"1":0,"2":0,"3":0,"4":0,"5":0,"6":0,"7":0,"8":0,"9":0},"b":{"0":[0],"1":[0],"2":[0,0]}}
,"/Users/lucas/Desktop/frontend-technical-test-aec/src/pages/Home/Home.tsx": {"path":"/Users/lucas/Desktop/frontend-technical-test-aec/src/pages/Home/Home.tsx","statementMap":{"0":{"start":{"line":1,"column":0},"end":{"line":1,"column":109}},"1":{"start":{"line":2,"column":0},"end":{"line":2,"column":73}},"2":{"start":{"line":3,"column":0},"end":{"line":3,"column":97}},"3":{"start":{"line":4,"column":0},"end":{"line":4,"column":65}},"4":{"start":{"line":5,"column":0},"end":{"line":5,"column":64}},"5":{"start":{"line":8,"column":27},"end":{"line":8,"column":45}},"6":{"start":{"line":10,"column":2},"end":{"line":21,"column":null}},"7":{"start":{"line":24,"column":0},"end":{"line":24,"column":null}}},"fnMap":{"0":{"name":"App","decl":{"start":{"line":7,"column":9},"end":{"line":7,"column":12}},"loc":{"start":{"line":7,"column":12},"end":{"line":22,"column":1}}}},"branchMap":{},"s":{"0":0,"1":0,"2":0,"3":0,"4":0,"5":0,"6":0,"7":0},"f":{"0":0},"b":{}}
,"/Users/lucas/Desktop/frontend-technical-test-aec/src/pages/NotFound/NotFound.tsx": {"path":"/Users/lucas/Desktop/frontend-technical-test-aec/src/pages/NotFound/NotFound.tsx","statementMap":{"0":{"start":{"line":1,"column":0},"end":{"line":1,"column":49}},"1":{"start":{"line":8,"column":32},"end":{"line":8,"column":47}},"2":{"start":{"line":10,"column":2},"end":{"line":18,"column":4}},"3":{"start":{"line":5,"column":0},"end":{"line":5,"column":24}}},"fnMap":{"0":{"name":"NotFound","decl":{"start":{"line":5,"column":24},"end":{"line":5,"column":32}},"loc":{"start":{"line":5,"column":32},"end":{"line":19,"column":1}}}},"branchMap":{"0":{"loc":{"start":{"line":15,"column":12},"end":{"line":15,"column":45}},"type":"binary-expr","locations":[{"start":{"line":15,"column":12},"end":{"line":15,"column":28}},{"start":{"line":15,"column":32},"end":{"line":15,"column":45}}]}},"s":{"0":0,"1":0,"2":0,"3":0},"f":{"0":0},"b":{"0":[0,0]}}
,"/Users/lucas/Desktop/frontend-technical-test-aec/src/routers/Router.tsx": {"path":"/Users/lucas/Desktop/frontend-technical-test-aec/src/routers/Router.tsx","statementMap":{"0":{"start":{"line":1,"column":0},"end":{"line":1,"column":55}},"1":{"start":{"line":2,"column":0},"end":{"line":2,"column":36}},"2":{"start":{"line":3,"column":0},"end":{"line":3,"column":49}},"3":{"start":{"line":4,"column":0},"end":{"line":4,"column":53}},"4":{"start":{"line":6,"column":13},"end":{"line":16,"column":3}}},"fnMap":{},"branchMap":{},"s":{"0":0,"1":0,"2":0,"3":0,"4":0},"f":{},"b":{}}
,"/Users/lucas/Desktop/frontend-technical-test-aec/src/service/index.ts": {"path":"/Users/lucas/Desktop/frontend-technical-test-aec/src/service/index.ts","statementMap":{"0":{"start":{"line":1,"column":0},"end":{"line":1,"column":26}},"1":{"start":{"line":3,"column":13},"end":{"line":3,"column":53}},"2":{"start":{"line":5,"column":12},"end":{"line":5,"column":42}},"3":{"start":{"line":8,"column":0},"end":{"line":8,"column":null}}},"fnMap":{},"branchMap":{},"s":{"0":0,"1":0,"2":0,"3":0},"f":{},"b":{}}
,"/Users/lucas/Desktop/frontend-technical-test-aec/src/store/index.ts": {"path":"/Users/lucas/Desktop/frontend-technical-test-aec/src/store/index.ts","statementMap":{"0":{"start":{"line":1,"column":0},"end":{"line":1,"column":77}},"1":{"start":{"line":2,"column":0},"end":{"line":2,"column":52}},"2":{"start":{"line":4,"column":0},"end":{"line":4,"column":47}},"3":{"start":{"line":5,"column":0},"end":{"line":5,"column":52}},"4":{"start":{"line":7,"column":0},"end":{"line":7,"column":34}},"5":{"start":{"line":9,"column":23},"end":{"line":9,"column":45}},"6":{"start":{"line":11,"column":13},"end":{"line":15,"column":3}},"7":{"start":{"line":14,"column":20},"end":{"line":14,"column":53}},"8":{"start":{"line":19,"column":2},"end":{"line":22,"column":null}},"9":{"start":{"line":18,"column":0},"end":{"line":18,"column":16}},"10":{"start":{"line":25,"column":0},"end":{"line":25,"column":29}}},"fnMap":{"0":{"name":"(anonymous_0)","decl":{"start":{"line":14,"column":14},"end":{"line":14,"column":17}},"loc":{"start":{"line":14,"column":20},"end":{"line":14,"column":53}}},"1":{"name":"setupStore","decl":{"start":{"line":18,"column":16},"end":{"line":18,"column":26}},"loc":{"start":{"line":18,"column":62},"end":{"line":23,"column":1}}}},"branchMap":{},"s":{"0":0,"1":0,"2":0,"3":0,"4":0,"5":0,"6":0,"7":0,"8":0,"9":0,"10":0},"f":{"0":0,"1":0},"b":{}}
,"/Users/lucas/Desktop/frontend-technical-test-aec/src/store/reducer/rootReducer.ts": {"path":"/Users/lucas/Desktop/frontend-technical-test-aec/src/store/reducer/rootReducer.ts","statementMap":{"0":{"start":{"line":1,"column":0},"end":{"line":1,"column":40}},"1":{"start":{"line":2,"column":0},"end":{"line":2,"column":44}},"2":{"start":{"line":3,"column":0},"end":{"line":3,"column":51}},"3":{"start":{"line":5,"column":13},"end":{"line":8,"column":3}}},"fnMap":{},"branchMap":{},"s":{"0":0,"1":0,"2":0,"3":0},"f":{},"b":{}}
,"/Users/lucas/Desktop/frontend-technical-test-aec/src/store/reducer/rootSagas.ts": {"path":"/Users/lucas/Desktop/frontend-technical-test-aec/src/store/reducer/rootSagas.ts","statementMap":{"0":{"start":{"line":1,"column":0},"end":{"line":1,"column":47}},"1":{"start":{"line":2,"column":0},"end":{"line":2,"column":38}},"2":{"start":{"line":5,"column":2},"end":{"line":5,"column":29}},"3":{"start":{"line":4,"column":0},"end":{"line":4,"column":15}}},"fnMap":{"0":{"name":"rootSaga","decl":{"start":{"line":4,"column":17},"end":{"line":4,"column":25}},"loc":{"start":{"line":4,"column":25},"end":{"line":6,"column":1}}}},"branchMap":{},"s":{"0":0,"1":0,"2":0,"3":0},"f":{"0":0},"b":{}}
,"/Users/lucas/Desktop/frontend-technical-test-aec/src/store/reducer/cart/actions.ts": {"path":"/Users/lucas/Desktop/frontend-technical-test-aec/src/store/reducer/cart/actions.ts","statementMap":{"0":{"start":{"line":1,"column":0},"end":{"line":1,"column":48}},"1":{"start":{"line":8,"column":13},"end":{"line":8,"column":95}},"2":{"start":{"line":10,"column":13},"end":{"line":10,"column":91}}},"fnMap":{},"branchMap":{},"s":{"0":0,"1":0,"2":0},"f":{},"b":{}}
,"/Users/lucas/Desktop/frontend-technical-test-aec/src/store/reducer/cart/initialState.ts": {"path":"/Users/lucas/Desktop/frontend-technical-test-aec/src/store/reducer/cart/initialState.ts","statementMap":{"0":{"start":{"line":3,"column":13},"end":{"line":7,"column":2}}},"fnMap":{},"branchMap":{},"s":{"0":0},"f":{},"b":{}}
,"/Users/lucas/Desktop/frontend-technical-test-aec/src/store/reducer/cart/reducer.ts": {"path":"/Users/lucas/Desktop/frontend-technical-test-aec/src/store/reducer/cart/reducer.ts","statementMap":{"0":{"start":{"line":1,"column":0},"end":{"line":1,"column":49}},"1":{"start":{"line":2,"column":0},"end":{"line":2,"column":62}},"2":{"start":{"line":4,"column":0},"end":{"line":4,"column":46}},"3":{"start":{"line":6,"column":13},"end":{"line":30,"column":3}},"4":{"start":{"line":7,"column":2},"end":{"line":29,"column":7}},"5":{"start":{"line":9,"column":19},"end":{"line":9,"column":34}},"6":{"start":{"line":10,"column":18},"end":{"line":10,"column":29}},"7":{"start":{"line":11,"column":6},"end":{"line":11,"column":36}},"8":{"start":{"line":12,"column":6},"end":{"line":12,"column":56}},"9":{"start":{"line":13,"column":6},"end":{"line":13,"column":24}},"10":{"start":{"line":14,"column":6},"end":{"line":14,"column":23}},"11":{"start":{"line":15,"column":6},"end":{"line":15,"column":26}},"12":{"start":{"line":18,"column":27},"end":{"line":18,"column":41}},"13":{"start":{"line":19,"column":19},"end":{"line":19,"column":34}},"14":{"start":{"line":20,"column":22},"end":{"line":20,"column":51}},"15":{"start":{"line":20,"column":39},"end":{"line":20,"column":50}},"16":{"start":{"line":21,"column":6},"end":{"line":21,"column":27}},"17":{"start":{"line":21,"column":20},"end":{"line":21,"column":27}},"18":{"start":{"line":22,"column":26},"end":{"line":22,"column":57}},"19":{"start":{"line":22,"column":45},"end":{"line":22,"column":56}},"20":{"start":{"line":23,"column":6},"end":{"line":24,"column":34}},"21":{"start":{"line":23,"column":24},"end":{"line":23,"column":47}},"22":{"start":{"line":24,"column":11},"end":{"line":24,"column":34}},"23":{"start":{"line":25,"column":6},"end":{"line":28,"column":8}}},"fnMap":{"0":{"name":"(anonymous_0)","decl":{"start":{"line":6,"column":55},"end":{"line":6,"column":56}},"loc":{"start":{"line":6,"column":67},"end":{"line":30,"column":1}}},"1":{"name":"(anonymous_1)","decl":{"start":{"line":8,"column":29},"end":{"line":8,"column":30}},"loc":{"start":{"line":8,"column":47},"end":{"line":16,"column":5}}},"2":{"name":"(anonymous_2)","decl":{"start":{"line":17,"column":32},"end":{"line":17,"column":33}},"loc":{"start":{"line":17,"column":50},"end":{"line":29,"column":5}}},"3":{"name":"(anonymous_3)","decl":{"start":{"line":20,"column":32},"end":{"line":20,"column":33}},"loc":{"start":{"line":20,"column":39},"end":{"line":20,"column":50}}},"4":{"name":"(anonymous_4)","decl":{"start":{"line":22,"column":38},"end":{"line":22,"column":39}},"loc":{"start":{"line":22,"column":45},"end":{"line":22,"column":56}}}},"branchMap":{"0":{"loc":{"start":{"line":21,"column":6},"end":{"line":21,"column":27}},"type":"if","locations":[{"start":{"line":21,"column":6},"end":{"line":21,"column":27}}]},"1":{"loc":{"start":{"line":23,"column":6},"end":{"line":24,"column":34}},"type":"if","locations":[{"start":{"line":23,"column":6},"end":{"line":24,"column":34}},{"start":{"line":24,"column":11},"end":{"line":24,"column":34}}]},"2":{"loc":{"start":{"line":27,"column":12},"end":{"line":27,"column":65}},"type":"cond-expr","locations":[{"start":{"line":27,"column":51},"end":{"line":27,"column":60}},{"start":{"line":27,"column":63},"end":{"line":27,"column":65}}]},"3":{"loc":{"start":{"line":27,"column":12},"end":{"line":27,"column":48}},"type":"binary-expr","locations":[{"start":{"line":27,"column":12},"end":{"line":27,"column":19}},{"start":{"line":27,"column":23},"end":{"line":27,"column":48}}]}},"s":{"0":0,"1":0,"2":0,"3":0,"4":0,"5":0,"6":0,"7":0,"8":0,"9":0,"10":0,"11":0,"12":0,"13":0,"14":0,"15":0,"16":0,"17":0,"18":0,"19":0,"20":0,"21":0,"22":0,"23":0},"f":{"0":0,"1":0,"2":0,"3":0,"4":0},"b":{"0":[0],"1":[0,0],"2":[0,0],"3":[0,0]}}
,"/Users/lucas/Desktop/frontend-technical-test-aec/src/store/reducer/product/actions.ts": {"path":"/Users/lucas/Desktop/frontend-technical-test-aec/src/store/reducer/product/actions.ts","statementMap":{"0":{"start":{"line":3,"column":0},"end":{"line":3,"column":48}},"1":{"start":{"line":5,"column":13},"end":{"line":5,"column":81}},"2":{"start":{"line":6,"column":13},"end":{"line":6,"column":96}},"3":{"start":{"line":8,"column":13},"end":{"line":8,"column":85}},"4":{"start":{"line":9,"column":13},"end":{"line":9,"column":97}},"5":{"start":{"line":12,"column":13},"end":{"line":12,"column":91}},"6":{"start":{"line":13,"column":13},"end":{"line":13,"column":98}},"7":{"start":{"line":15,"column":13},"end":{"line":15,"column":113}},"8":{"start":{"line":16,"column":13},"end":{"line":16,"column":120}}},"fnMap":{},"branchMap":{},"s":{"0":0,"1":0,"2":0,"3":0,"4":0,"5":0,"6":0,"7":0,"8":0},"f":{},"b":{}}
,"/Users/lucas/Desktop/frontend-technical-test-aec/src/store/reducer/product/initialState.ts": {"path":"/Users/lucas/Desktop/frontend-technical-test-aec/src/store/reducer/product/initialState.ts","statementMap":{"0":{"start":{"line":3,"column":13},"end":{"line":8,"column":2}}},"fnMap":{},"branchMap":{},"s":{"0":0},"f":{},"b":{}}
,"/Users/lucas/Desktop/frontend-technical-test-aec/src/store/reducer/product/reducer.ts": {"path":"/Users/lucas/Desktop/frontend-technical-test-aec/src/store/reducer/product/reducer.ts","statementMap":{"0":{"start":{"line":1,"column":0},"end":{"line":1,"column":49}},"1":{"start":{"line":2,"column":0},"end":{"line":2,"column":null}},"2":{"start":{"line":6,"column":0},"end":{"line":6,"column":46}},"3":{"start":{"line":8,"column":13},"end":{"line":30,"column":3}},"4":{"start":{"line":9,"column":2},"end":{"line":29,"column":null}},"5":{"start":{"line":11,"column":6},"end":{"line":11,"column":null}},"6":{"start":{"line":14,"column":6},"end":{"line":14,"column":null}},"7":{"start":{"line":15,"column":6},"end":{"line":15,"column":null}},"8":{"start":{"line":18,"column":6},"end":{"line":18,"column":null}},"9":{"start":{"line":21,"column":6},"end":{"line":21,"column":null}},"10":{"start":{"line":22,"column":6},"end":{"line":22,"column":null}},"11":{"start":{"line":25,"column":6},"end":{"line":25,"column":null}},"12":{"start":{"line":28,"column":6},"end":{"line":28,"column":null}}},"fnMap":{"0":{"name":"(anonymous_0)","decl":{"start":{"line":8,"column":58},"end":{"line":8,"column":59}},"loc":{"start":{"line":8,"column":70},"end":{"line":30,"column":1}}},"1":{"name":"(anonymous_1)","decl":{"start":{"line":10,"column":34},"end":{"line":10,"column":35}},"loc":{"start":{"line":10,"column":44},"end":{"line":12,"column":5}}},"2":{"name":"(anonymous_2)","decl":{"start":{"line":13,"column":34},"end":{"line":13,"column":35}},"loc":{"start":{"line":13,"column":52},"end":{"line":16,"column":5}}},"3":{"name":"(anonymous_3)","decl":{"start":{"line":17,"column":36},"end":{"line":17,"column":37}},"loc":{"start":{"line":17,"column":46},"end":{"line":19,"column":5}}},"4":{"name":"(anonymous_4)","decl":{"start":{"line":20,"column":36},"end":{"line":20,"column":37}},"loc":{"start":{"line":20,"column":54},"end":{"line":23,"column":5}}},"5":{"name":"(anonymous_5)","decl":{"start":{"line":24,"column":35},"end":{"line":24,"column":36}},"loc":{"start":{"line":24,"column":53},"end":{"line":26,"column":5}}},"6":{"name":"(anonymous_6)","decl":{"start":{"line":27,"column":45},"end":{"line":27,"column":46}},"loc":{"start":{"line":27,"column":63},"end":{"line":29,"column":5}}}},"branchMap":{},"s":{"0":0,"1":0,"2":0,"3":0,"4":0,"5":0,"6":0,"7":0,"8":0,"9":0,"10":0,"11":0,"12":0},"f":{"0":0,"1":0,"2":0,"3":0,"4":0,"5":0,"6":0},"b":{}}
,"/Users/lucas/Desktop/frontend-technical-test-aec/src/store/reducer/product/sagas.ts": {"path":"/Users/lucas/Desktop/frontend-technical-test-aec/src/store/reducer/product/sagas.ts","statementMap":{"0":{"start":{"line":1,"column":0},"end":{"line":1,"column":64}},"1":{"start":{"line":2,"column":0},"end":{"line":2,"column":28}},"2":{"start":{"line":3,"column":0},"end":{"line":3,"column":null}},"3":{"start":{"line":9,"column":2},"end":{"line":14,"column":3}},"4":{"start":{"line":10,"column":19},"end":{"line":10,"column":50}},"5":{"start":{"line":11,"column":4},"end":{"line":11,"column":41}},"6":{"start":{"line":13,"column":4},"end":{"line":13,"column":19}},"7":{"start":{"line":18,"column":2},"end":{"line":23,"column":3}},"8":{"start":{"line":19,"column":19},"end":{"line":19,"column":53}},"9":{"start":{"line":20,"column":4},"end":{"line":20,"column":43}},"10":{"start":{"line":22,"column":4},"end":{"line":22,"column":19}},"11":{"start":{"line":28,"column":2},"end":{"line":33,"column":3}},"12":{"start":{"line":29,"column":21},"end":{"line":29,"column":70}},"13":{"start":{"line":30,"column":4},"end":{"line":30,"column":42}},"14":{"start":{"line":32,"column":4},"end":{"line":32,"column":19}},"15":{"start":{"line":38,"column":2},"end":{"line":43,"column":3}},"16":{"start":{"line":39,"column":21},"end":{"line":39,"column":75}},"17":{"start":{"line":40,"column":4},"end":{"line":40,"column":52}},"18":{"start":{"line":42,"column":4},"end":{"line":42,"column":19}},"19":{"start":{"line":47,"column":2},"end":{"line":52,"column":5}},"20":{"start":{"line":55,"column":0},"end":{"line":55,"column":25}}},"fnMap":{"0":{"name":"readProduct","decl":{"start":{"line":8,"column":10},"end":{"line":8,"column":21}},"loc":{"start":{"line":8,"column":21},"end":{"line":15,"column":1}}},"1":{"name":"readCategories","decl":{"start":{"line":17,"column":10},"end":{"line":17,"column":24}},"loc":{"start":{"line":17,"column":24},"end":{"line":24,"column":1}}},"2":{"name":"searchProduct","decl":{"start":{"line":27,"column":10},"end":{"line":27,"column":23}},"loc":{"start":{"line":27,"column":44},"end":{"line":34,"column":1}}},"3":{"name":"searchProductByCategory","decl":{"start":{"line":37,"column":10},"end":{"line":37,"column":33}},"loc":{"start":{"line":37,"column":54},"end":{"line":44,"column":1}}},"4":{"name":"postsSaga","decl":{"start":{"line":46,"column":10},"end":{"line":46,"column":19}},"loc":{"start":{"line":46,"column":19},"end":{"line":53,"column":1}}}},"branchMap":{},"s":{"0":0,"1":0,"2":0,"3":0,"4":0,"5":0,"6":0,"7":0,"8":0,"9":0,"10":0,"11":0,"12":0,"13":0,"14":0,"15":0,"16":0,"17":0,"18":0,"19":0,"20":0},"f":{"0":0,"1":0,"2":0,"3":0,"4":0},"b":{}}
,"/Users/lucas/Desktop/frontend-technical-test-aec/src/util/TestProvider.tsx": {"path":"/Users/lucas/Desktop/frontend-technical-test-aec/src/util/TestProvider.tsx","statementMap":{"0":{"start":{"line":2,"column":0},"end":{"line":2,"column":47}},"1":{"start":{"line":4,"column":0},"end":{"line":4,"column":49}},"2":{"start":{"line":5,"column":0},"end":{"line":5,"column":38}},"3":{"start":{"line":9,"column":0},"end":{"line":9,"column":56}},"4":{"start":{"line":28,"column":4},"end":{"line":28,"column":null}},"5":{"start":{"line":32,"column":2},"end":{"line":32,"column":null}},"6":{"start":{"line":18,"column":0},"end":{"line":18,"column":16}}},"fnMap":{"0":{"name":"renderWithProviders","decl":{"start":{"line":18,"column":16},"end":{"line":18,"column":35}},"loc":{"start":{"line":25,"column":31},"end":{"line":33,"column":1}}},"1":{"name":"Wrapper","decl":{"start":{"line":27,"column":11},"end":{"line":27,"column":18}},"loc":{"start":{"line":27,"column":54},"end":{"line":29,"column":3}}}},"branchMap":{"0":{"loc":{"start":{"line":20,"column":2},"end":{"line":25,"column":31}},"type":"default-arg","locations":[{"start":{"line":25,"column":29},"end":{"line":25,"column":31}}]},"1":{"loc":{"start":{"line":21,"column":4},"end":{"line":21,"column":23}},"type":"default-arg","locations":[{"start":{"line":21,"column":21},"end":{"line":21,"column":23}}]},"2":{"loc":{"start":{"line":23,"column":4},"end":{"line":23,"column":68}},"type":"default-arg","locations":[{"start":{"line":23,"column":12},"end":{"line":23,"column":68}}]}},"s":{"0":0,"1":0,"2":0,"3":0,"4":0,"5":0,"6":0},"f":{"0":0,"1":0},"b":{"0":[0],"1":[0],"2":[0]}}
,"/Users/lucas/Desktop/frontend-technical-test-aec/src/util/formatterUrlImage.ts": {"path":"/Users/lucas/Desktop/frontend-technical-test-aec/src/util/formatterUrlImage.ts","statementMap":{"0":{"start":{"line":1,"column":33},"end":{"line":6,"column":1}},"1":{"start":{"line":2,"column":23},"end":{"line":2,"column":50}},"2":{"start":{"line":3,"column":19},"end":{"line":3,"column":49}},"3":{"start":{"line":4,"column":2},"end":{"line":4,"column":null}},"4":{"start":{"line":1,"column":13},"end":{"line":1,"column":33}}},"fnMap":{"0":{"name":"(anonymous_0)","decl":{"start":{"line":1,"column":33},"end":{"line":1,"column":34}},"loc":{"start":{"line":1,"column":51},"end":{"line":6,"column":1}}}},"branchMap":{},"s":{"0":1,"1":0,"2":0,"3":0,"4":1},"f":{"0":0},"b":{}}
,"/Users/lucas/Desktop/frontend-technical-test-aec/src/util/numberFormater.ts": {"path":"/Users/lucas/Desktop/frontend-technical-test-aec/src/util/numberFormater.ts","statementMap":{"0":{"start":{"line":1,"column":30},"end":{"line":8,"column":1}},"1":{"start":{"line":2,"column":20},"end":{"line":5,"column":4}},"2":{"start":{"line":6,"column":24},"end":{"line":6,"column":47}},"3":{"start":{"line":7,"column":2},"end":{"line":7,"column":null}},"4":{"start":{"line":1,"column":13},"end":{"line":1,"column":30}}},"fnMap":{"0":{"name":"(anonymous_0)","decl":{"start":{"line":1,"column":30},"end":{"line":1,"column":31}},"loc":{"start":{"line":1,"column":47},"end":{"line":8,"column":1}}}},"branchMap":{},"s":{"0":0,"1":0,"2":0,"3":0,"4":0},"f":{"0":0},"b":{}}
,"/Users/lucas/Desktop/frontend-technical-test-aec/src/util/textShrink.ts": {"path":"/Users/lucas/Desktop/frontend-technical-test-aec/src/util/textShrink.ts","statementMap":{"0":{"start":{"line":1,"column":26},"end":{"line":3,"column":1}},"1":{"start":{"line":2,"column":2},"end":{"line":2,"column":null}},"2":{"start":{"line":1,"column":13},"end":{"line":1,"column":26}}},"fnMap":{"0":{"name":"(anonymous_0)","decl":{"start":{"line":1,"column":26},"end":{"line":1,"column":27}},"loc":{"start":{"line":1,"column":43},"end":{"line":3,"column":1}}}},"branchMap":{},"s":{"0":0,"1":0,"2":0},"f":{"0":0},"b":{}}
}
