TN:
SF:src/main.tsx
FNF:0
FNH:0
DA:1,0
DA:2,0
DA:3,0
DA:5,0
DA:6,0
DA:8,0
DA:11,0
LF:7
LH:0
BRF:0
BRH:0
end_of_record
TN:
SF:src/vite-env.d.ts
FNF:0
FNH:0
LF:0
LH:0
BRF:0
BRH:0
end_of_record
TN:
SF:src/components/atomic/atom/Input/Input.tsx
FN:9,(anonymous_0)
FN:16,(anonymous_1)
FN:21,(anonymous_2)
FNF:3
FNH:0
FNDA:0,(anonymous_0)
FNDA:0,(anonymous_1)
FNDA:0,(anonymous_2)
DA:1,0
DA:2,0
DA:3,0
DA:9,0
DA:11,0
DA:13,0
DA:14,0
DA:16,0
DA:17,0
DA:18,0
DA:21,0
DA:23,0
DA:26,0
LF:13
LH:0
BRF:0
BRH:0
end_of_record
TN:
SF:src/components/atomic/atom/Input/useDebaunce.tsx
FN:4,useDebaunce
FN:7,debauncedFunction
FN:12,(anonymous_2)
FNF:3
FNH:0
FNDA:0,useDebaunce
FNDA:0,debauncedFunction
FNDA:0,(anonymous_2)
DA:2,0
DA:4,0
DA:5,0
DA:10,0
DA:12,0
DA:13,0
DA:17,0
LF:7
LH:0
BRF:0
BRH:0
end_of_record
TN:
SF:src/components/atomic/layout/HomeLayout.tsx
FN:8,(anonymous_0)
FNF:1
FNH:0
FNDA:0,(anonymous_0)
DA:2,0
DA:8,0
DA:9,0
LF:3
LH:0
BRF:0
BRH:0
end_of_record
TN:
SF:src/components/atomic/molecules/Card/CheckoutCard.tsx
FN:5,(anonymous_0)
FNF:1
FNH:0
FNDA:0,(anonymous_0)
DA:5,0
DA:6,0
DA:7,0
LF:3
LH:0
BRF:0
BRH:0
end_of_record
TN:
SF:src/components/atomic/molecules/Product/Product.tsx
FN:14,(anonymous_0)
FN:42,(anonymous_1)
FNF:2
FNH:0
FNDA:0,(anonymous_0)
FNDA:0,(anonymous_1)
DA:1,0
DA:3,0
DA:4,0
DA:6,0
DA:7,0
DA:14,0
DA:15,0
DA:42,0
LF:8
LH:0
BRF:0
BRH:0
end_of_record
TN:
SF:src/components/atomic/molecules/Product/ProductImage.tsx
FN:10,(anonymous_0)
FN:17,(anonymous_1)
FN:22,(anonymous_2)
FNF:3
FNH:0
FNDA:0,(anonymous_0)
FNDA:0,(anonymous_1)
FNDA:0,(anonymous_2)
DA:1,1
DA:2,1
DA:4,1
DA:10,1
DA:11,0
DA:13,0
DA:14,0
DA:17,0
DA:18,0
DA:21,0
DA:22,0
LF:11
LH:4
BRDA:13,0,0,0
BRDA:13,0,1,0
BRDA:14,1,0,0
BRDA:14,1,1,0
BRF:4
BRH:0
end_of_record
TN:
SF:src/components/atomic/molecules/Td/Td.tsx
FN:5,(anonymous_0)
FNF:1
FNH:0
FNDA:0,(anonymous_0)
DA:5,0
DA:6,0
DA:7,0
LF:3
LH:0
BRF:0
BRH:0
end_of_record
TN:
SF:src/components/atomic/molecules/Th/Th.tsx
FN:5,(anonymous_0)
FNF:1
FNH:0
FNDA:0,(anonymous_0)
DA:5,0
DA:6,0
DA:7,0
LF:3
LH:0
BRF:0
BRH:0
end_of_record
TN:
SF:src/components/atomic/molecules/Tr/Tr.tsx
FN:5,(anonymous_0)
FNF:1
FNH:0
FNDA:0,(anonymous_0)
DA:5,0
DA:6,0
DA:7,0
LF:3
LH:0
BRF:0
BRH:0
end_of_record
TN:
SF:src/components/atomic/organisms/CatalogProductList/CatalogProductList.tsx
FN:24,(anonymous_0)
FN:25,(anonymous_1)
FN:30,handleOpenDetailProduct
FN:35,closeModal
FN:39,(anonymous_4)
FN:45,(anonymous_5)
FN:46,(anonymous_6)
FN:46,(anonymous_7)
FNF:8
FNH:0
FNDA:0,(anonymous_0)
FNDA:0,(anonymous_1)
FNDA:0,handleOpenDetailProduct
FNDA:0,closeModal
FNDA:0,(anonymous_4)
FNDA:0,(anonymous_5)
FNDA:0,(anonymous_6)
FNDA:0,(anonymous_7)
DA:2,0
DA:3,0
DA:4,0
DA:5,0
DA:7,0
DA:8,0
DA:9,0
DA:10,0
DA:12,0
DA:24,0
DA:25,0
DA:26,0
DA:27,0
DA:28,0
DA:31,0
DA:32,0
DA:36,0
DA:39,0
DA:40,0
DA:43,0
DA:46,0
LF:21
LH:0
BRF:0
BRH:0
end_of_record
TN:
SF:src/components/atomic/organisms/CheckoutQuantity/CheckoutQuantity.tsx
FN:11,(anonymous_0)
FN:15,(anonymous_1)
FN:21,(anonymous_2)
FNF:3
FNH:0
FNDA:0,(anonymous_0)
FNDA:0,(anonymous_1)
FNDA:0,(anonymous_2)
DA:1,0
DA:11,0
DA:12,0
DA:13,0
DA:15,0
DA:21,0
LF:6
LH:0
BRF:0
BRH:0
end_of_record
TN:
SF:src/components/atomic/organisms/FiltersProduct/FiltersProduct.tsx
FN:9,(anonymous_0)
FN:10,(anonymous_1)
FN:13,(anonymous_2)
FN:17,(anonymous_3)
FN:33,(anonymous_4)
FNF:5
FNH:0
FNDA:0,(anonymous_0)
FNDA:0,(anonymous_1)
FNDA:0,(anonymous_2)
FNDA:0,(anonymous_3)
FNDA:0,(anonymous_4)
DA:1,0
DA:2,0
DA:3,0
DA:5,0
DA:6,0
DA:7,0
DA:9,0
DA:10,0
DA:11,0
DA:13,0
DA:14,0
DA:17,0
DA:18,0
DA:19,0
DA:21,0
DA:25,0
DA:34,0
LF:17
LH:0
BRDA:18,0,0,0
BRDA:18,0,1,0
BRF:2
BRH:0
end_of_record
TN:
SF:src/components/atomic/organisms/Header/Header.tsx
FN:6,(anonymous_0)
FN:7,(anonymous_1)
FNF:2
FNH:0
FNDA:0,(anonymous_0)
FNDA:0,(anonymous_1)
DA:2,0
DA:3,0
DA:4,0
DA:6,0
DA:7,0
DA:9,0
LF:6
LH:0
BRF:0
BRH:0
end_of_record
TN:
SF:src/components/atomic/organisms/Table/Table.tsx
FN:5,(anonymous_0)
FNF:1
FNH:0
FNDA:0,(anonymous_0)
DA:5,0
DA:6,0
DA:7,0
LF:3
LH:0
BRF:0
BRH:0
end_of_record
TN:
SF:src/components/ui/button.tsx
FN:43,(anonymous_0)
FNF:1
FNH:0
FNDA:0,(anonymous_0)
DA:1,0
DA:2,0
DA:3,0
DA:5,0
DA:7,0
DA:42,0
DA:44,0
DA:45,0
DA:54,0
DA:56,0
LF:10
LH:0
BRDA:43,0,0,0
BRDA:44,1,0,0
BRDA:44,1,1,0
BRF:3
BRH:0
end_of_record
TN:
SF:src/components/ui/card.tsx
FN:8,(anonymous_0)
FN:23,(anonymous_1)
FN:35,(anonymous_2)
FN:50,(anonymous_3)
FN:62,(anonymous_4)
FN:70,(anonymous_5)
FNF:6
FNH:0
FNDA:0,(anonymous_0)
FNDA:0,(anonymous_1)
FNDA:0,(anonymous_2)
FNDA:0,(anonymous_3)
FNDA:0,(anonymous_4)
FNDA:0,(anonymous_5)
DA:1,0
DA:3,0
DA:5,0
DA:9,0
DA:18,0
DA:20,0
DA:24,0
DA:30,0
DA:32,0
DA:36,0
DA:45,0
DA:47,0
DA:51,0
DA:57,0
DA:59,0
DA:63,0
DA:65,0
DA:67,0
DA:71,0
DA:77,0
DA:79,0
LF:21
LH:0
BRF:0
BRH:0
end_of_record
TN:
SF:src/components/ui/label.tsx
FN:15,(anonymous_0)
FNF:1
FNH:0
FNDA:0,(anonymous_0)
DA:1,0
DA:2,0
DA:3,0
DA:5,0
DA:7,0
DA:11,0
DA:16,0
DA:22,0
DA:24,0
LF:9
LH:0
BRF:0
BRH:0
end_of_record
TN:
SF:src/components/ui/radio-group.tsx
FN:10,(anonymous_0)
FN:24,(anonymous_1)
FNF:2
FNH:0
FNDA:0,(anonymous_0)
FNDA:0,(anonymous_1)
DA:1,0
DA:2,0
DA:3,0
DA:5,0
DA:7,0
DA:11,0
DA:19,0
DA:21,0
DA:25,0
DA:40,0
DA:42,0
LF:11
LH:0
BRF:0
BRH:0
end_of_record
TN:
SF:src/hooks/useAppDispatch.ts
FN:4,(anonymous_0)
FNF:1
FNH:0
FNDA:0,(anonymous_0)
DA:1,0
DA:4,0
LF:2
LH:0
BRF:0
BRH:0
end_of_record
TN:
SF:src/hooks/useAppSelector.ts
FNF:0
FNH:0
DA:1,0
DA:4,0
LF:2
LH:0
BRF:0
BRH:0
end_of_record
TN:
SF:src/hooks/useSearchProduct.tsx
FN:5,(anonymous_0)
FN:9,(anonymous_1)
FNF:2
FNH:0
FNDA:0,(anonymous_0)
FNDA:0,(anonymous_1)
DA:1,0
DA:2,0
DA:3,0
DA:5,0
DA:6,0
DA:7,0
DA:9,0
DA:10,0
DA:14,0
LF:9
LH:0
BRF:0
BRH:0
end_of_record
TN:
SF:src/lib/utils.ts
FN:4,cn
FNF:1
FNH:0
FNDA:0,cn
DA:1,0
DA:2,0
DA:4,0
DA:5,0
LF:4
LH:0
BRF:0
BRH:0
end_of_record
TN:
SF:src/pages/Checkout/Checkout.tsx
FN:23,(anonymous_0)
FN:24,(anonymous_1)
FN:27,(anonymous_2)
FN:30,(anonymous_3)
FN:31,(anonymous_4)
FN:34,(anonymous_5)
FN:37,(anonymous_6)
FN:38,(anonymous_7)
FN:54,(anonymous_8)
FN:61,(anonymous_9)
FNF:10
FNH:0
FNDA:0,(anonymous_0)
FNDA:0,(anonymous_1)
FNDA:0,(anonymous_2)
FNDA:0,(anonymous_3)
FNDA:0,(anonymous_4)
FNDA:0,(anonymous_5)
FNDA:0,(anonymous_6)
FNDA:0,(anonymous_7)
FNDA:0,(anonymous_8)
FNDA:0,(anonymous_9)
DA:1,0
DA:2,0
DA:3,0
DA:4,0
DA:5,0
DA:9,0
DA:10,0
DA:11,0
DA:12,0
DA:14,0
DA:15,0
DA:16,0
DA:23,0
DA:24,0
DA:25,0
DA:27,0
DA:28,0
DA:29,0
DA:30,0
DA:31,0
DA:34,0
DA:35,0
DA:36,0
DA:37,0
DA:38,0
DA:41,0
DA:55,0
DA:62,0
LF:28
LH:0
BRDA:28,0,0,0
BRDA:35,1,0,0
BRDA:74,2,0,0
BRDA:74,2,1,0
BRF:4
BRH:0
end_of_record
TN:
SF:src/pages/Home/Home.tsx
FN:7,App
FNF:1
FNH:0
FNDA:0,App
DA:1,0
DA:2,0
DA:3,0
DA:4,0
DA:5,0
DA:8,0
DA:10,0
DA:24,0
LF:8
LH:0
BRF:0
BRH:0
end_of_record
TN:
SF:src/pages/NotFound/NotFound.tsx
FN:5,NotFound
FNF:1
FNH:0
FNDA:0,NotFound
DA:1,0
DA:5,0
DA:8,0
DA:10,0
LF:4
LH:0
BRDA:15,0,0,0
BRDA:15,0,1,0
BRF:2
BRH:0
end_of_record
TN:
SF:src/routers/Router.tsx
FNF:0
FNH:0
DA:1,0
DA:2,0
DA:3,0
DA:4,0
DA:6,0
LF:5
LH:0
BRF:0
BRH:0
end_of_record
TN:
SF:src/service/index.ts
FNF:0
FNH:0
DA:1,0
DA:3,0
DA:5,0
DA:8,0
LF:4
LH:0
BRF:0
BRH:0
end_of_record
TN:
SF:src/store/index.ts
FN:14,(anonymous_0)
FN:18,setupStore
FNF:2
FNH:0
FNDA:0,(anonymous_0)
FNDA:0,setupStore
DA:1,0
DA:2,0
DA:4,0
DA:5,0
DA:7,0
DA:9,0
DA:11,0
DA:14,0
DA:18,0
DA:19,0
DA:25,0
LF:11
LH:0
BRF:0
BRH:0
end_of_record
TN:
SF:src/store/reducer/rootReducer.ts
FNF:0
FNH:0
DA:1,0
DA:2,0
DA:3,0
DA:5,0
LF:4
LH:0
BRF:0
BRH:0
end_of_record
TN:
SF:src/store/reducer/rootSagas.ts
FN:4,rootSaga
FNF:1
FNH:0
FNDA:0,rootSaga
DA:1,0
DA:2,0
DA:4,0
DA:5,0
LF:4
LH:0
BRF:0
BRH:0
end_of_record
TN:
SF:src/store/reducer/cart/actions.ts
FNF:0
FNH:0
DA:1,0
DA:8,0
DA:10,0
LF:3
LH:0
BRF:0
BRH:0
end_of_record
TN:
SF:src/store/reducer/cart/initialState.ts
FNF:0
FNH:0
DA:3,0
LF:1
LH:0
BRF:0
BRH:0
end_of_record
TN:
SF:src/store/reducer/cart/reducer.ts
FN:6,(anonymous_0)
FN:8,(anonymous_1)
FN:17,(anonymous_2)
FN:20,(anonymous_3)
FN:22,(anonymous_4)
FNF:5
FNH:0
FNDA:0,(anonymous_0)
FNDA:0,(anonymous_1)
FNDA:0,(anonymous_2)
FNDA:0,(anonymous_3)
FNDA:0,(anonymous_4)
DA:1,0
DA:2,0
DA:4,0
DA:6,0
DA:7,0
DA:9,0
DA:10,0
DA:11,0
DA:12,0
DA:13,0
DA:14,0
DA:15,0
DA:18,0
DA:19,0
DA:20,0
DA:21,0
DA:22,0
DA:23,0
DA:24,0
DA:25,0
LF:20
LH:0
BRDA:21,0,0,0
BRDA:23,1,0,0
BRDA:23,1,1,0
BRDA:27,2,0,0
BRDA:27,2,1,0
BRDA:27,3,0,0
BRDA:27,3,1,0
BRF:7
BRH:0
end_of_record
TN:
SF:src/store/reducer/product/actions.ts
FNF:0
FNH:0
DA:3,0
DA:5,0
DA:6,0
DA:8,0
DA:9,0
DA:12,0
DA:13,0
DA:15,0
DA:16,0
LF:9
LH:0
BRF:0
BRH:0
end_of_record
TN:
SF:src/store/reducer/product/initialState.ts
FNF:0
FNH:0
DA:3,0
LF:1
LH:0
BRF:0
BRH:0
end_of_record
TN:
SF:src/store/reducer/product/reducer.ts
FN:8,(anonymous_0)
FN:10,(anonymous_1)
FN:13,(anonymous_2)
FN:17,(anonymous_3)
FN:20,(anonymous_4)
FN:24,(anonymous_5)
FN:27,(anonymous_6)
FNF:7
FNH:0
FNDA:0,(anonymous_0)
FNDA:0,(anonymous_1)
FNDA:0,(anonymous_2)
FNDA:0,(anonymous_3)
FNDA:0,(anonymous_4)
FNDA:0,(anonymous_5)
FNDA:0,(anonymous_6)
DA:1,0
DA:2,0
DA:6,0
DA:8,0
DA:9,0
DA:11,0
DA:14,0
DA:15,0
DA:18,0
DA:21,0
DA:22,0
DA:25,0
DA:28,0
LF:13
LH:0
BRF:0
BRH:0
end_of_record
TN:
SF:src/store/reducer/product/sagas.ts
FN:8,readProduct
FN:17,readCategories
FN:27,searchProduct
FN:37,searchProductByCategory
FN:46,postsSaga
FNF:5
FNH:0
FNDA:0,readProduct
FNDA:0,readCategories
FNDA:0,searchProduct
FNDA:0,searchProductByCategory
FNDA:0,postsSaga
DA:1,0
DA:2,0
DA:3,0
DA:9,0
DA:10,0
DA:11,0
DA:13,0
DA:18,0
DA:19,0
DA:20,0
DA:22,0
DA:28,0
DA:29,0
DA:30,0
DA:32,0
DA:38,0
DA:39,0
DA:40,0
DA:42,0
DA:47,0
DA:55,0
LF:21
LH:0
BRF:0
BRH:0
end_of_record
TN:
SF:src/util/TestProvider.tsx
FN:18,renderWithProviders
FN:27,Wrapper
FNF:2
FNH:0
FNDA:0,renderWithProviders
FNDA:0,Wrapper
DA:2,0
DA:4,0
DA:5,0
DA:9,0
DA:18,0
DA:28,0
DA:32,0
LF:7
LH:0
BRDA:20,0,0,0
BRDA:21,1,0,0
BRDA:23,2,0,0
BRF:3
BRH:0
end_of_record
TN:
SF:src/util/formatterUrlImage.ts
FN:1,(anonymous_0)
FNF:1
FNH:0
FNDA:0,(anonymous_0)
DA:1,1
DA:2,0
DA:3,0
DA:4,0
LF:4
LH:1
BRF:0
BRH:0
end_of_record
TN:
SF:src/util/numberFormater.ts
FN:1,(anonymous_0)
FNF:1
FNH:0
FNDA:0,(anonymous_0)
DA:1,0
DA:2,0
DA:6,0
DA:7,0
LF:4
LH:0
BRF:0
BRH:0
end_of_record
TN:
SF:src/util/textShrink.ts
FN:1,(anonymous_0)
FNF:1
FNH:0
FNDA:0,(anonymous_0)
DA:1,0
DA:2,0
LF:2
LH:0
BRF:0
BRH:0
end_of_record
